
*** Running vivado
    with args -log bist_ext.vds -m64 -product Vivado -mode batch -messageDb vivado.pb -notrace -source bist_ext.tcl


****** Vivado v2018.2 (64-bit)
  **** SW Build 2258646 on Thu Jun 14 20:03:12 MDT 2018
  **** IP Build 2256618 on Thu Jun 14 22:10:49 MDT 2018
    ** Copyright 1986-2018 Xilinx, Inc. All Rights Reserved.

source bist_ext.tcl -notrace
Command: synth_design -top bist_ext -part xc7a100tcsg324-1
Starting synth_design
Attempting to get a license for feature 'Synthesis' and/or device 'xc7a100t'
INFO: [Common 17-349] Got license for feature 'Synthesis' and/or device 'xc7a100t'
INFO: Launching helper process for spawning children vivado processes
INFO: Helper process launched with PID 18144 
---------------------------------------------------------------------------------
Starting Synthesize : Time (s): cpu = 00:00:03 ; elapsed = 00:00:03 . Memory (MB): peak = 440.965 ; gain = 93.852
---------------------------------------------------------------------------------
INFO: [Synth 8-638] synthesizing module 'bist_ext' [C:/Users/renuxela/my-files/bsuir/6sem/POCP/LR4_a2/LR4_a2.srcs/sources_1/new/bist_ext.vhd:15]
INFO: [Synth 8-3491] module 'lfsr_ext_gen' declared at 'C:/Users/renuxela/my-files/bsuir/6sem/POCP/LR4_a2/LR4_a2.srcs/sources_1/new/lfsr_ext_gen.vhd:4' bound to instance 'gen_inst' of component 'lfsr_ext_gen' [C:/Users/renuxela/my-files/bsuir/6sem/POCP/LR4_a2/LR4_a2.srcs/sources_1/new/bist_ext.vhd:45]
INFO: [Synth 8-638] synthesizing module 'lfsr_ext_gen' [C:/Users/renuxela/my-files/bsuir/6sem/POCP/LR4_a2/LR4_a2.srcs/sources_1/new/lfsr_ext_gen.vhd:14]
WARNING: [Synth 8-614] signal 'seed' is read in the process but is not in the sensitivity list [C:/Users/renuxela/my-files/bsuir/6sem/POCP/LR4_a2/LR4_a2.srcs/sources_1/new/lfsr_ext_gen.vhd:20]
INFO: [Synth 8-256] done synthesizing module 'lfsr_ext_gen' (1#1) [C:/Users/renuxela/my-files/bsuir/6sem/POCP/LR4_a2/LR4_a2.srcs/sources_1/new/lfsr_ext_gen.vhd:14]
INFO: [Synth 8-3491] module 'sa_ext' declared at 'C:/Users/renuxela/my-files/bsuir/6sem/POCP/LR4_a2/LR4_a2.srcs/sources_1/new/sa_ext.vhd:4' bound to instance 'sa_inst' of component 'sa_ext' [C:/Users/renuxela/my-files/bsuir/6sem/POCP/LR4_a2/LR4_a2.srcs/sources_1/new/bist_ext.vhd:54]
INFO: [Synth 8-638] synthesizing module 'sa_ext' [C:/Users/renuxela/my-files/bsuir/6sem/POCP/LR4_a2/LR4_a2.srcs/sources_1/new/sa_ext.vhd:14]
INFO: [Synth 8-256] done synthesizing module 'sa_ext' (2#1) [C:/Users/renuxela/my-files/bsuir/6sem/POCP/LR4_a2/LR4_a2.srcs/sources_1/new/sa_ext.vhd:14]
INFO: [Synth 8-256] done synthesizing module 'bist_ext' (3#1) [C:/Users/renuxela/my-files/bsuir/6sem/POCP/LR4_a2/LR4_a2.srcs/sources_1/new/bist_ext.vhd:15]
---------------------------------------------------------------------------------
Finished Synthesize : Time (s): cpu = 00:00:04 ; elapsed = 00:00:05 . Memory (MB): peak = 496.004 ; gain = 148.891
---------------------------------------------------------------------------------
---------------------------------------------------------------------------------
Finished Constraint Validation : Time (s): cpu = 00:00:04 ; elapsed = 00:00:05 . Memory (MB): peak = 496.004 ; gain = 148.891
---------------------------------------------------------------------------------
---------------------------------------------------------------------------------
Start Loading Part and Timing Information
---------------------------------------------------------------------------------
Loading part: xc7a100tcsg324-1
---------------------------------------------------------------------------------
Finished Loading Part and Timing Information : Time (s): cpu = 00:00:04 ; elapsed = 00:00:05 . Memory (MB): peak = 496.004 ; gain = 148.891
---------------------------------------------------------------------------------
INFO: [Device 21-403] Loading part xc7a100tcsg324-1
INFO: [Synth 8-5546] ROM "s_done" won't be mapped to RAM because it is too sparse
INFO: [Synth 8-5546] ROM "count" won't be mapped to RAM because it is too sparse
---------------------------------------------------------------------------------
Finished RTL Optimization Phase 2 : Time (s): cpu = 00:00:04 ; elapsed = 00:00:05 . Memory (MB): peak = 496.004 ; gain = 148.891
---------------------------------------------------------------------------------

Report RTL Partitions: 
+-+--------------+------------+----------+
| |RTL Partition |Replication |Instances |
+-+--------------+------------+----------+
+-+--------------+------------+----------+
No constraint files found.
---------------------------------------------------------------------------------
Start RTL Component Statistics 
---------------------------------------------------------------------------------
Detailed RTL Component Info : 
+---Adders : 
	   2 Input     10 Bit       Adders := 1     
+---XORs : 
	   4 Input      1 Bit         XORs := 1     
	   5 Input      1 Bit         XORs := 1     
	   2 Input      1 Bit         XORs := 1     
+---Registers : 
	               40 Bit    Registers := 2     
	               10 Bit    Registers := 1     
	                1 Bit    Registers := 2     
+---Muxes : 
	   2 Input     40 Bit        Muxes := 2     
	   2 Input      1 Bit        Muxes := 6     
---------------------------------------------------------------------------------
Finished RTL Component Statistics 
---------------------------------------------------------------------------------
---------------------------------------------------------------------------------
Start RTL Hierarchical Component Statistics 
---------------------------------------------------------------------------------
Hierarchical RTL Component report 
Module bist_ext 
Detailed RTL Component Info : 
+---Adders : 
	   2 Input     10 Bit       Adders := 1     
+---XORs : 
	   2 Input      1 Bit         XORs := 1     
+---Registers : 
	               10 Bit    Registers := 1     
	                1 Bit    Registers := 2     
+---Muxes : 
	   2 Input      1 Bit        Muxes := 6     
Module lfsr_ext_gen 
Detailed RTL Component Info : 
+---XORs : 
	   4 Input      1 Bit         XORs := 1     
+---Registers : 
	               40 Bit    Registers := 1     
+---Muxes : 
	   2 Input     40 Bit        Muxes := 2     
Module sa_ext 
Detailed RTL Component Info : 
+---XORs : 
	   5 Input      1 Bit         XORs := 1     
+---Registers : 
	               40 Bit    Registers := 1     
---------------------------------------------------------------------------------
Finished RTL Hierarchical Component Statistics
---------------------------------------------------------------------------------
---------------------------------------------------------------------------------
Start Part Resource Summary
---------------------------------------------------------------------------------
Part Resources:
DSPs: 240 (col length:80)
BRAMs: 270 (col length: RAMB18 80 RAMB36 40)
---------------------------------------------------------------------------------
Finished Part Resource Summary
---------------------------------------------------------------------------------
No constraint files found.
---------------------------------------------------------------------------------
Start Cross Boundary and Area Optimization
---------------------------------------------------------------------------------
Warning: Parallel synthesis criteria is not met 
INFO: [Synth 8-5546] ROM "count" won't be mapped to RAM because it is too sparse
INFO: [Synth 8-5546] ROM "s_done" won't be mapped to RAM because it is too sparse
---------------------------------------------------------------------------------
Finished Cross Boundary and Area Optimization : Time (s): cpu = 00:00:09 ; elapsed = 00:00:12 . Memory (MB): peak = 650.574 ; gain = 303.461
---------------------------------------------------------------------------------

Report RTL Partitions: 
+-+--------------+------------+----------+
| |RTL Partition |Replication |Instances |
+-+--------------+------------+----------+
+-+--------------+------------+----------+
No constraint files found.
---------------------------------------------------------------------------------
Start Timing Optimization
---------------------------------------------------------------------------------
---------------------------------------------------------------------------------
Finished Timing Optimization : Time (s): cpu = 00:00:09 ; elapsed = 00:00:12 . Memory (MB): peak = 650.574 ; gain = 303.461
---------------------------------------------------------------------------------

Report RTL Partitions: 
+-+--------------+------------+----------+
| |RTL Partition |Replication |Instances |
+-+--------------+------------+----------+
+-+--------------+------------+----------+
---------------------------------------------------------------------------------
Start Technology Mapping
---------------------------------------------------------------------------------
---------------------------------------------------------------------------------
Finished Technology Mapping : Time (s): cpu = 00:00:09 ; elapsed = 00:00:12 . Memory (MB): peak = 651.043 ; gain = 303.930
---------------------------------------------------------------------------------

Report RTL Partitions: 
+-+--------------+------------+----------+
| |RTL Partition |Replication |Instances |
+-+--------------+------------+----------+
+-+--------------+------------+----------+
---------------------------------------------------------------------------------
Start IO Insertion
---------------------------------------------------------------------------------
---------------------------------------------------------------------------------
Start Flattening Before IO Insertion
---------------------------------------------------------------------------------
---------------------------------------------------------------------------------
Finished Flattening Before IO Insertion
---------------------------------------------------------------------------------
---------------------------------------------------------------------------------
Start Final Netlist Cleanup
---------------------------------------------------------------------------------
---------------------------------------------------------------------------------
Finished Final Netlist Cleanup
---------------------------------------------------------------------------------
---------------------------------------------------------------------------------
Finished IO Insertion : Time (s): cpu = 00:00:11 ; elapsed = 00:00:13 . Memory (MB): peak = 651.043 ; gain = 303.930
---------------------------------------------------------------------------------

Report Check Netlist: 
+------+------------------+-------+---------+-------+------------------+
|      |Item              |Errors |Warnings |Status |Description       |
+------+------------------+-------+---------+-------+------------------+
|1     |multi_driven_nets |      0|        0|Passed |Multi driven nets |
+------+------------------+-------+---------+-------+------------------+
---------------------------------------------------------------------------------
Start Renaming Generated Instances
---------------------------------------------------------------------------------
---------------------------------------------------------------------------------
Finished Renaming Generated Instances : Time (s): cpu = 00:00:11 ; elapsed = 00:00:13 . Memory (MB): peak = 651.043 ; gain = 303.930
---------------------------------------------------------------------------------

Report RTL Partitions: 
+-+--------------+------------+----------+
| |RTL Partition |Replication |Instances |
+-+--------------+------------+----------+
+-+--------------+------------+----------+
---------------------------------------------------------------------------------
Start Rebuilding User Hierarchy
---------------------------------------------------------------------------------
---------------------------------------------------------------------------------
Finished Rebuilding User Hierarchy : Time (s): cpu = 00:00:11 ; elapsed = 00:00:13 . Memory (MB): peak = 651.043 ; gain = 303.930
---------------------------------------------------------------------------------
---------------------------------------------------------------------------------
Start Renaming Generated Ports
---------------------------------------------------------------------------------
---------------------------------------------------------------------------------
Finished Renaming Generated Ports : Time (s): cpu = 00:00:11 ; elapsed = 00:00:13 . Memory (MB): peak = 651.043 ; gain = 303.930
---------------------------------------------------------------------------------
---------------------------------------------------------------------------------
Start Handling Custom Attributes
---------------------------------------------------------------------------------
---------------------------------------------------------------------------------
Finished Handling Custom Attributes : Time (s): cpu = 00:00:11 ; elapsed = 00:00:13 . Memory (MB): peak = 651.043 ; gain = 303.930
---------------------------------------------------------------------------------
---------------------------------------------------------------------------------
Start Renaming Generated Nets
---------------------------------------------------------------------------------
---------------------------------------------------------------------------------
Finished Renaming Generated Nets : Time (s): cpu = 00:00:11 ; elapsed = 00:00:13 . Memory (MB): peak = 651.043 ; gain = 303.930
---------------------------------------------------------------------------------
---------------------------------------------------------------------------------
Start ROM, RAM, DSP and Shift Register Reporting
---------------------------------------------------------------------------------

Static Shift Register Report:
+------------+--------------------+--------+-------+--------------+--------------------+-------------------+--------+---------+
|Module Name | RTL Name           | Length | Width | Reset Signal | Pull out first Reg | Pull out last Reg | SRL16E | SRLC32E | 
+------------+--------------------+--------+-------+--------------+--------------------+-------------------+--------+---------+
|bist_ext    | gen_inst/q_reg[39] | 19     | 1     | YES          | NO                 | YES               | 0      | 1       | 
|bist_ext    | gen_inst/q_reg[18] | 17     | 1     | YES          | NO                 | YES               | 1      | 0       | 
+------------+--------------------+--------+-------+--------------+--------------------+-------------------+--------+---------+

---------------------------------------------------------------------------------
Finished ROM, RAM, DSP and Shift Register Reporting
---------------------------------------------------------------------------------
---------------------------------------------------------------------------------
Start Writing Synthesis Report
---------------------------------------------------------------------------------

Report BlackBoxes: 
+-+--------------+----------+
| |BlackBox name |Instances |
+-+--------------+----------+
+-+--------------+----------+

Report Cell Usage: 
+------+--------+------+
|      |Cell    |Count |
+------+--------+------+
|1     |BUFG    |     1|
|2     |LUT1    |     1|
|3     |LUT2    |     3|
|4     |LUT3    |     2|
|5     |LUT4    |     5|
|6     |LUT5    |     6|
|7     |LUT6    |     3|
|8     |SRL16E  |     1|
|9     |SRLC32E |     1|
|10    |FDCE    |    75|
|11    |FDPE    |     1|
|12    |FDRE    |     2|
|13    |IBUF    |     3|
|14    |OBUF    |    41|
+------+--------+------+

Report Instance Areas: 
+------+-----------+-------------+------+
|      |Instance   |Module       |Cells |
+------+-----------+-------------+------+
|1     |top        |             |   145|
|2     |  gen_inst |lfsr_ext_gen |    31|
|3     |  sa_inst  |sa_ext       |    41|
+------+-----------+-------------+------+
---------------------------------------------------------------------------------
Finished Writing Synthesis Report : Time (s): cpu = 00:00:11 ; elapsed = 00:00:13 . Memory (MB): peak = 651.043 ; gain = 303.930
---------------------------------------------------------------------------------
Synthesis finished with 0 errors, 0 critical warnings and 1 warnings.
Synthesis Optimization Runtime : Time (s): cpu = 00:00:11 ; elapsed = 00:00:13 . Memory (MB): peak = 651.043 ; gain = 303.930
Synthesis Optimization Complete : Time (s): cpu = 00:00:11 ; elapsed = 00:00:13 . Memory (MB): peak = 651.043 ; gain = 303.930
INFO: [Project 1-571] Translating synthesized netlist
INFO: [Netlist 29-17] Analyzing 3 Unisim elements for replacement
INFO: [Netlist 29-28] Unisim Transformation completed in 0 CPU seconds
INFO: [Project 1-570] Preparing netlist for logic optimization
INFO: [Opt 31-138] Pushed 0 inverter(s) to 0 load pin(s).
INFO: [Project 1-111] Unisim Transformation Summary:
No Unisim elements were transformed.

INFO: [Common 17-83] Releasing license: Synthesis
21 Infos, 1 Warnings, 0 Critical Warnings and 0 Errors encountered.
synth_design completed successfully
synth_design: Time (s): cpu = 00:00:16 ; elapsed = 00:00:20 . Memory (MB): peak = 754.914 ; gain = 420.238
WARNING: [Constraints 18-5210] No constraint will be written out.
INFO: [Common 17-1381] The checkpoint 'C:/Users/renuxela/my-files/bsuir/6sem/POCP/LR4_a2/LR4_a2.runs/synth_1/bist_ext.dcp' has been generated.
INFO: [runtcl-4] Executing : report_utilization -file bist_ext_utilization_synth.rpt -pb bist_ext_utilization_synth.pb
report_utilization: Time (s): cpu = 00:00:00 ; elapsed = 00:00:00.064 . Memory (MB): peak = 754.914 ; gain = 0.000
INFO: [Common 17-206] Exiting Vivado at Tue Apr  7 17:23:57 2026...
