Vivado Simulator 2018.2
Copyright 1986-1999, 2001-2018 Xilinx, Inc. All Rights Reserved.
Running: C:/Xilinx/Vivado/2018.2/bin/unwrapped/win64.o/xelab.exe -wto eb864989c8964cb19d2fb042b2b2260e --incr --debug typical --relax --mt 2 -L xil_defaultlib -L secureip --snapshot tb_RS_LATCH_NAND_func_synth xil_defaultlib.tb_RS_LATCH_NAND -log elaborate.log 
Using 2 slave threads.
Starting static elaboration
Completed static elaboration
Starting simulation data flow analysis
Completed simulation data flow analysis
Time Resolution for simulation is 1ps
Compiling package std.standard
Compiling package std.textio
Compiling package ieee.std_logic_1164
Compiling package ieee.numeric_std
Compiling package unisim.vcomponents
Compiling package ieee.vital_timing
Compiling package ieee.vital_primitives
Compiling package unisim.vpkg
Compiling architecture lut2_v of entity unisim.LUT2 [\LUT2(init="0111")(0,3)\]
Compiling architecture structure of entity xil_defaultlib.\xil_defaultlib_LUT2__2\ [\xil_defaultlib_LUT2__2_default\]
Compiling architecture structure of entity xil_defaultlib.xil_defaultlib_LUT2 [xil_defaultlib_lut2_default]
Compiling architecture obuf_v of entity unisim.OBUF [\OBUF(1,9)(1,7)(1,4)\]
Compiling architecture ibuf_v of entity unisim.IBUF [\IBUF(1,9)(1,1)(1,4)(1,7)\]
Compiling architecture structure of entity xil_defaultlib.RS_LATCH_NAND [rs_latch_nand_default]
Compiling architecture behavioral of entity xil_defaultlib.tb_rs_latch_nand
Built simulation snapshot tb_RS_LATCH_NAND_func_synth
