Vivado Simulator 2018.2
Copyright 1986-1999, 2001-2018 Xilinx, Inc. All Rights Reserved.
Running: C:/Xilinx/Vivado/2018.2/bin/unwrapped/win64.o/xelab.exe -wto eb864989c8964cb19d2fb042b2b2260e --incr --debug typical --relax --mt 2 --maxdelay -L xil_defaultlib -L simprims_ver -L secureip --snapshot tb_RS_LATCH_NAND_time_synth -transport_int_delays -pulse_r 0 -pulse_int_r 0 -pulse_e 0 -pulse_int_e 0 xil_defaultlib.tb_RS_LATCH_NAND xil_defaultlib.glbl -log elaborate.log 
Using 2 slave threads.
Starting static elaboration
Completed static elaboration
Starting simulation data flow analysis
Completed simulation data flow analysis
INFO: [XSIM 43-3451] SDF backannotation process started with SDF file "tb_RS_LATCH_NAND_time_synth.sdf", for root module "tb_RS_LATCH_NAND/UUT".
INFO: [XSIM 43-3452] SDF backannotation was successful for SDF file "tb_RS_LATCH_NAND_time_synth.sdf", for root module "tb_RS_LATCH_NAND/UUT".
Time Resolution for simulation is 1ps
Compiling package std.standard
Compiling package std.textio
Compiling package ieee.std_logic_1164
Compiling package vl.vl_types
Compiling module xil_defaultlib.glbl
Compiling module simprims_ver.x_lut2_mux4
Compiling module simprims_ver.LUT2
Compiling module xil_defaultlib.xil_defaultlib_LUT2__2
Compiling module xil_defaultlib.xil_defaultlib_LUT2
Compiling module simprims_ver.OBUF
Compiling module simprims_ver.IBUF
Compiling module xil_defaultlib.RS_LATCH_NAND
Compiling architecture behavioral of entity xil_defaultlib.tb_rs_latch_nand
Built simulation snapshot tb_RS_LATCH_NAND_time_synth
