#-----------------------------------------------------------
# Vivado v2018.2 (64-bit)
# SW Build 2258646 on Thu Jun 14 20:03:12 MDT 2018
# IP Build 2256618 on Thu Jun 14 22:10:49 MDT 2018
# Start of session at: Tue Feb 17 11:07:25 2026
# Process ID: 8560
# Current directory: C:/Users/renuxela/my-files/bsuir/6sem/POCP/LR1
# Command line: vivado.exe -gui_launcher_event rodinguilauncherevent7792 C:\Users\renuxela\my-files\bsuir\6sem\POCP\LR1\LR1.xpr
# Log file: C:/Users/renuxela/my-files/bsuir/6sem/POCP/LR1/vivado.log
# Journal file: C:/Users/renuxela/my-files/bsuir/6sem/POCP/LR1\vivado.jou
#-----------------------------------------------------------
start_gui
open_project C:/Users/renuxela/my-files/bsuir/6sem/POCP/LR1/LR1.xpr
Scanning sources...
Finished scanning sources
INFO: [IP_Flow 19-234] Refreshing IP repositories
INFO: [IP_Flow 19-1704] No user IP repositories specified
INFO: [IP_Flow 19-2313] Loaded Vivado IP repository 'C:/Xilinx/Vivado/2018.2/data/ip'.
open_project: Time (s): cpu = 00:00:23 ; elapsed = 00:00:13 . Memory (MB): peak = 913.965 ; gain = 170.547
update_compile_order -fileset sources_1
add_files -norecurse C:/Users/renuxela/my-files/bsuir/6sem/POCP/LR1/LR1.srcs/sources_1/new/Task1.vhd
close [ open C:/Users/renuxela/my-files/bsuir/6sem/POCP/LR1/LR1.srcs/sources_1/new/Task3.vhd w ]
add_files C:/Users/renuxela/my-files/bsuir/6sem/POCP/LR1/LR1.srcs/sources_1/new/Task3.vhd
update_compile_order -fileset sources_1
synth_design -rtl -name rtl_1
Command: synth_design -rtl -name rtl_1
Starting synth_design
Using part: xc7a100tcsg324-1
Top: sw_led_unit
---------------------------------------------------------------------------------
Starting RTL Elaboration : Time (s): cpu = 00:00:04 ; elapsed = 00:00:04 . Memory (MB): peak = 1071.457 ; gain = 114.055
---------------------------------------------------------------------------------
INFO: [Synth 8-638] synthesizing module 'sw_led_unit' [C:/Users/renuxela/my-files/bsuir/6sem/POCP/LR1/LR1.srcs/sources_1/new/Task2.vhd:14]
	Parameter N bound to: 16 - type: integer 
INFO: [Synth 8-256] done synthesizing module 'sw_led_unit' (1#1) [C:/Users/renuxela/my-files/bsuir/6sem/POCP/LR1/LR1.srcs/sources_1/new/Task2.vhd:14]
WARNING: [Synth 8-3330] design sw_led_unit has an empty top module
---------------------------------------------------------------------------------
Finished RTL Elaboration : Time (s): cpu = 00:00:05 ; elapsed = 00:00:05 . Memory (MB): peak = 1111.715 ; gain = 154.312
---------------------------------------------------------------------------------

Report Check Netlist: 
+------+------------------+-------+---------+-------+------------------+
|      |Item              |Errors |Warnings |Status |Description       |
+------+------------------+-------+---------+-------+------------------+
|1     |multi_driven_nets |      0|        0|Passed |Multi driven nets |
+------+------------------+-------+---------+-------+------------------+
---------------------------------------------------------------------------------
Start Handling Custom Attributes
---------------------------------------------------------------------------------
---------------------------------------------------------------------------------
Finished Handling Custom Attributes : Time (s): cpu = 00:00:05 ; elapsed = 00:00:06 . Memory (MB): peak = 1111.715 ; gain = 154.312
---------------------------------------------------------------------------------
---------------------------------------------------------------------------------
Finished RTL Optimization Phase 1 : Time (s): cpu = 00:00:05 ; elapsed = 00:00:06 . Memory (MB): peak = 1111.715 ; gain = 154.312
---------------------------------------------------------------------------------
INFO: [Device 21-403] Loading part xc7a100tcsg324-1
INFO: [Project 1-570] Preparing netlist for logic optimization
INFO: [Opt 31-140] Inserted 16 IBUFs to IO ports without IO buffers.
INFO: [Opt 31-141] Inserted 16 OBUFs to IO ports without IO buffers.

Processing XDC Constraints
Initializing timing engine
Parsing XDC File [C:/Users/renuxela/my-files/bsuir/6sem/POCP/LR1/LR1.srcs/constrs_2/new/Task2.xdc]
Finished Parsing XDC File [C:/Users/renuxela/my-files/bsuir/6sem/POCP/LR1/LR1.srcs/constrs_2/new/Task2.xdc]
Completed Processing XDC Constraints

INFO: [Opt 31-138] Pushed 0 inverter(s) to 0 load pin(s).
INFO: [Project 1-111] Unisim Transformation Summary:
No Unisim elements were transformed.

RTL Elaboration Complete:  : Time (s): cpu = 00:00:25 ; elapsed = 00:00:22 . Memory (MB): peak = 1445.625 ; gain = 488.223
8 Infos, 1 Warnings, 0 Critical Warnings and 0 Errors encountered.
synth_design completed successfully
synth_design: Time (s): cpu = 00:00:25 ; elapsed = 00:00:22 . Memory (MB): peak = 1445.625 ; gain = 488.254
close_design
synth_design -rtl -name rtl_1
Command: synth_design -rtl -name rtl_1
Starting synth_design
Using part: xc7a100tcsg324-1
Top: sw_led_unit
---------------------------------------------------------------------------------
Starting RTL Elaboration : Time (s): cpu = 00:00:04 ; elapsed = 00:00:03 . Memory (MB): peak = 1447.371 ; gain = 0.000
---------------------------------------------------------------------------------
INFO: [Synth 8-638] synthesizing module 'sw_led_unit' [C:/Users/renuxela/my-files/bsuir/6sem/POCP/LR1/LR1.srcs/sources_1/new/Task2.vhd:14]
	Parameter N bound to: 16 - type: integer 
INFO: [Synth 8-256] done synthesizing module 'sw_led_unit' (1#1) [C:/Users/renuxela/my-files/bsuir/6sem/POCP/LR1/LR1.srcs/sources_1/new/Task2.vhd:14]
WARNING: [Synth 8-3330] design sw_led_unit has an empty top module
---------------------------------------------------------------------------------
Finished RTL Elaboration : Time (s): cpu = 00:00:04 ; elapsed = 00:00:04 . Memory (MB): peak = 1447.371 ; gain = 0.000
---------------------------------------------------------------------------------

Report Check Netlist: 
+------+------------------+-------+---------+-------+------------------+
|      |Item              |Errors |Warnings |Status |Description       |
+------+------------------+-------+---------+-------+------------------+
|1     |multi_driven_nets |      0|        0|Passed |Multi driven nets |
+------+------------------+-------+---------+-------+------------------+
---------------------------------------------------------------------------------
Start Handling Custom Attributes
---------------------------------------------------------------------------------
---------------------------------------------------------------------------------
Finished Handling Custom Attributes : Time (s): cpu = 00:00:04 ; elapsed = 00:00:04 . Memory (MB): peak = 1447.371 ; gain = 0.000
---------------------------------------------------------------------------------
---------------------------------------------------------------------------------
Finished RTL Optimization Phase 1 : Time (s): cpu = 00:00:04 ; elapsed = 00:00:04 . Memory (MB): peak = 1447.371 ; gain = 0.000
---------------------------------------------------------------------------------
INFO: [Project 1-570] Preparing netlist for logic optimization
INFO: [Opt 31-140] Inserted 16 IBUFs to IO ports without IO buffers.
INFO: [Opt 31-141] Inserted 16 OBUFs to IO ports without IO buffers.

Processing XDC Constraints
Initializing timing engine
Parsing XDC File [C:/Users/renuxela/my-files/bsuir/6sem/POCP/LR1/LR1.srcs/constrs_2/new/Task2.xdc]
Finished Parsing XDC File [C:/Users/renuxela/my-files/bsuir/6sem/POCP/LR1/LR1.srcs/constrs_2/new/Task2.xdc]
Completed Processing XDC Constraints

INFO: [Opt 31-138] Pushed 0 inverter(s) to 0 load pin(s).
INFO: [Project 1-111] Unisim Transformation Summary:
No Unisim elements were transformed.

RTL Elaboration Complete:  : Time (s): cpu = 00:00:12 ; elapsed = 00:00:08 . Memory (MB): peak = 1461.039 ; gain = 13.668
7 Infos, 1 Warnings, 0 Critical Warnings and 0 Errors encountered.
synth_design completed successfully
synth_design: Time (s): cpu = 00:00:12 ; elapsed = 00:00:08 . Memory (MB): peak = 1461.039 ; gain = 13.668
reset_run synth_1
launch_runs synth_1 -jobs 6
[Tue Feb 17 13:10:19 2026] Launched synth_1...
Run output will be captured here: C:/Users/renuxela/my-files/bsuir/6sem/POCP/LR1/LR1.runs/synth_1/runme.log
open_run synth_1 -name synth_1
Design is defaulting to impl run constrset: constrs_2
Design is defaulting to synth run part: xc7a100tcsg324-1
INFO: [Netlist 29-17] Analyzing 16 Unisim elements for replacement
INFO: [Netlist 29-28] Unisim Transformation completed in 0 CPU seconds
INFO: [Project 1-479] Netlist was created with Vivado 2018.2
INFO: [Project 1-570] Preparing netlist for logic optimization
Parsing XDC File [C:/Users/renuxela/my-files/bsuir/6sem/POCP/LR1/LR1.srcs/constrs_2/new/Task2.xdc]
Finished Parsing XDC File [C:/Users/renuxela/my-files/bsuir/6sem/POCP/LR1/LR1.srcs/constrs_2/new/Task2.xdc]
INFO: [Opt 31-138] Pushed 0 inverter(s) to 0 load pin(s).
INFO: [Project 1-111] Unisim Transformation Summary:
No Unisim elements were transformed.

close_design
close_design
synth_design -rtl -name rtl_1
Command: synth_design -rtl -name rtl_1
Starting synth_design
Using part: xc7a100tcsg324-1
Top: sw_led_unit
---------------------------------------------------------------------------------
Starting RTL Elaboration : Time (s): cpu = 00:00:04 ; elapsed = 00:00:03 . Memory (MB): peak = 2051.105 ; gain = 0.000
---------------------------------------------------------------------------------
INFO: [Synth 8-638] synthesizing module 'sw_led_unit' [C:/Users/renuxela/my-files/bsuir/6sem/POCP/LR1/LR1.srcs/sources_1/new/Task2.vhd:14]
	Parameter N bound to: 16 - type: integer 
INFO: [Synth 8-256] done synthesizing module 'sw_led_unit' (1#1) [C:/Users/renuxela/my-files/bsuir/6sem/POCP/LR1/LR1.srcs/sources_1/new/Task2.vhd:14]
WARNING: [Synth 8-3330] design sw_led_unit has an empty top module
---------------------------------------------------------------------------------
Finished RTL Elaboration : Time (s): cpu = 00:00:04 ; elapsed = 00:00:04 . Memory (MB): peak = 2051.105 ; gain = 0.000
---------------------------------------------------------------------------------

Report Check Netlist: 
+------+------------------+-------+---------+-------+------------------+
|      |Item              |Errors |Warnings |Status |Description       |
+------+------------------+-------+---------+-------+------------------+
|1     |multi_driven_nets |      0|        0|Passed |Multi driven nets |
+------+------------------+-------+---------+-------+------------------+
---------------------------------------------------------------------------------
Start Handling Custom Attributes
---------------------------------------------------------------------------------
---------------------------------------------------------------------------------
Finished Handling Custom Attributes : Time (s): cpu = 00:00:04 ; elapsed = 00:00:04 . Memory (MB): peak = 2051.105 ; gain = 0.000
---------------------------------------------------------------------------------
---------------------------------------------------------------------------------
Finished RTL Optimization Phase 1 : Time (s): cpu = 00:00:04 ; elapsed = 00:00:04 . Memory (MB): peak = 2051.105 ; gain = 0.000
---------------------------------------------------------------------------------
INFO: [Project 1-570] Preparing netlist for logic optimization
INFO: [Opt 31-140] Inserted 16 IBUFs to IO ports without IO buffers.
INFO: [Opt 31-141] Inserted 16 OBUFs to IO ports without IO buffers.

Processing XDC Constraints
Initializing timing engine
Parsing XDC File [C:/Users/renuxela/my-files/bsuir/6sem/POCP/LR1/LR1.srcs/constrs_2/new/Task2.xdc]
Finished Parsing XDC File [C:/Users/renuxela/my-files/bsuir/6sem/POCP/LR1/LR1.srcs/constrs_2/new/Task2.xdc]
Completed Processing XDC Constraints

INFO: [Opt 31-138] Pushed 0 inverter(s) to 0 load pin(s).
INFO: [Project 1-111] Unisim Transformation Summary:
No Unisim elements were transformed.

RTL Elaboration Complete:  : Time (s): cpu = 00:00:09 ; elapsed = 00:00:07 . Memory (MB): peak = 2051.105 ; gain = 0.000
7 Infos, 1 Warnings, 0 Critical Warnings and 0 Errors encountered.
synth_design completed successfully
synth_design: Time (s): cpu = 00:00:09 ; elapsed = 00:00:07 . Memory (MB): peak = 2051.105 ; gain = 0.000
reset_run synth_1
launch_runs synth_1 -jobs 6
[Tue Feb 17 13:12:46 2026] Launched synth_1...
Run output will be captured here: C:/Users/renuxela/my-files/bsuir/6sem/POCP/LR1/LR1.runs/synth_1/runme.log
open_run synth_1 -name synth_1
Design is defaulting to impl run constrset: constrs_2
Design is defaulting to synth run part: xc7a100tcsg324-1
INFO: [Netlist 29-17] Analyzing 16 Unisim elements for replacement
INFO: [Netlist 29-28] Unisim Transformation completed in 0 CPU seconds
INFO: [Project 1-479] Netlist was created with Vivado 2018.2
INFO: [Project 1-570] Preparing netlist for logic optimization
Parsing XDC File [C:/Users/renuxela/my-files/bsuir/6sem/POCP/LR1/LR1.srcs/constrs_2/new/Task2.xdc]
Finished Parsing XDC File [C:/Users/renuxela/my-files/bsuir/6sem/POCP/LR1/LR1.srcs/constrs_2/new/Task2.xdc]
INFO: [Opt 31-138] Pushed 0 inverter(s) to 0 load pin(s).
INFO: [Project 1-111] Unisim Transformation Summary:
No Unisim elements were transformed.

close [ open C:/Users/renuxela/my-files/bsuir/6sem/POCP/LR1/LR1.srcs/constrs_2/new/Task3.xdc w ]
add_files -fileset constrs_2 C:/Users/renuxela/my-files/bsuir/6sem/POCP/LR1/LR1.srcs/constrs_2/new/Task3.xdc
export_ip_user_files -of_objects  [get_files C:/Users/renuxela/my-files/bsuir/6sem/POCP/LR1/LR1.srcs/constrs_2/new/Task3.xdc] -no_script -reset -force -quiet
remove_files  -fileset constrs_2 C:/Users/renuxela/my-files/bsuir/6sem/POCP/LR1/LR1.srcs/constrs_2/new/Task3.xdc
file delete -force C:/Users/renuxela/my-files/bsuir/6sem/POCP/LR1/LR1.srcs/constrs_2/new/Task3.xdc
create_fileset -constrset constrs_3
file mkdir C:/Users/renuxela/my-files/bsuir/6sem/POCP/LR1/LR1.srcs/constrs_3
file mkdir C:/Users/renuxela/my-files/bsuir/6sem/POCP/LR1/LR1.srcs/constrs_3/new
close [ open C:/Users/renuxela/my-files/bsuir/6sem/POCP/LR1/LR1.srcs/constrs_3/new/Task3.xdc w ]
add_files -fileset constrs_3 C:/Users/renuxela/my-files/bsuir/6sem/POCP/LR1/LR1.srcs/constrs_3/new/Task3.xdc
add_files -fileset constrs_3 -norecurse C:/Users/renuxela/my-files/bsuir/6sem/POCP/LR1/LR1.srcs/constrs_3/new/Task3.xdc
WARNING: [filemgmt 56-12] File 'C:/Users/renuxela/my-files/bsuir/6sem/POCP/LR1/LR1.srcs/constrs_3/new/Task3.xdc' cannot be added to the project because it already exists in the project, skipping this file
import_files -fileset constrs_3 C:/Users/renuxela/my-files/bsuir/6sem/POCP/LR1/LR1.srcs/constrs_3/new/Task3.xdc
close_design
close_design
set_property constrset constrs_3 [get_runs synth_1]
set_property constrset constrs_3 [get_runs impl_1]
synth_design -rtl -name rtl_1
Command: synth_design -rtl -name rtl_1
Starting synth_design
Using part: xc7a100tcsg324-1
Top: sw_led_unit
---------------------------------------------------------------------------------
Starting RTL Elaboration : Time (s): cpu = 00:00:03 ; elapsed = 00:00:03 . Memory (MB): peak = 2099.215 ; gain = 0.000
---------------------------------------------------------------------------------
INFO: [Synth 8-638] synthesizing module 'sw_led_unit' [C:/Users/renuxela/my-files/bsuir/6sem/POCP/LR1/LR1.srcs/sources_1/new/Task2.vhd:14]
	Parameter N bound to: 16 - type: integer 
INFO: [Synth 8-256] done synthesizing module 'sw_led_unit' (1#1) [C:/Users/renuxela/my-files/bsuir/6sem/POCP/LR1/LR1.srcs/sources_1/new/Task2.vhd:14]
WARNING: [Synth 8-3330] design sw_led_unit has an empty top module
---------------------------------------------------------------------------------
Finished RTL Elaboration : Time (s): cpu = 00:00:04 ; elapsed = 00:00:04 . Memory (MB): peak = 2099.215 ; gain = 0.000
---------------------------------------------------------------------------------

Report Check Netlist: 
+------+------------------+-------+---------+-------+------------------+
|      |Item              |Errors |Warnings |Status |Description       |
+------+------------------+-------+---------+-------+------------------+
|1     |multi_driven_nets |      0|        0|Passed |Multi driven nets |
+------+------------------+-------+---------+-------+------------------+
---------------------------------------------------------------------------------
Start Handling Custom Attributes
---------------------------------------------------------------------------------
---------------------------------------------------------------------------------
Finished Handling Custom Attributes : Time (s): cpu = 00:00:04 ; elapsed = 00:00:04 . Memory (MB): peak = 2099.215 ; gain = 0.000
---------------------------------------------------------------------------------
---------------------------------------------------------------------------------
Finished RTL Optimization Phase 1 : Time (s): cpu = 00:00:04 ; elapsed = 00:00:04 . Memory (MB): peak = 2099.215 ; gain = 0.000
---------------------------------------------------------------------------------
INFO: [Project 1-570] Preparing netlist for logic optimization
INFO: [Opt 31-140] Inserted 16 IBUFs to IO ports without IO buffers.
INFO: [Opt 31-141] Inserted 16 OBUFs to IO ports without IO buffers.

Processing XDC Constraints
Initializing timing engine
Parsing XDC File [C:/Users/renuxela/my-files/bsuir/6sem/POCP/LR1/LR1.srcs/constrs_3/imports/new/Task3.xdc]
WARNING: [Vivado 12-584] No ports matched 'led_out[15]'. [C:/Users/renuxela/my-files/bsuir/6sem/POCP/LR1/LR1.srcs/constrs_3/imports/new/Task3.xdc:1]
CRITICAL WARNING: [Common 17-55] 'set_property' expects at least one object. [C:/Users/renuxela/my-files/bsuir/6sem/POCP/LR1/LR1.srcs/constrs_3/imports/new/Task3.xdc:1]
Resolution: If [get_<value>] was used to populate the object, check to make sure this command returns at least one valid object.
WARNING: [Vivado 12-584] No ports matched 'led_out[14]'. [C:/Users/renuxela/my-files/bsuir/6sem/POCP/LR1/LR1.srcs/constrs_3/imports/new/Task3.xdc:2]
CRITICAL WARNING: [Common 17-55] 'set_property' expects at least one object. [C:/Users/renuxela/my-files/bsuir/6sem/POCP/LR1/LR1.srcs/constrs_3/imports/new/Task3.xdc:2]
Resolution: If [get_<value>] was used to populate the object, check to make sure this command returns at least one valid object.
WARNING: [Vivado 12-584] No ports matched 'led_out[13]'. [C:/Users/renuxela/my-files/bsuir/6sem/POCP/LR1/LR1.srcs/constrs_3/imports/new/Task3.xdc:3]
CRITICAL WARNING: [Common 17-55] 'set_property' expects at least one object. [C:/Users/renuxela/my-files/bsuir/6sem/POCP/LR1/LR1.srcs/constrs_3/imports/new/Task3.xdc:3]
Resolution: If [get_<value>] was used to populate the object, check to make sure this command returns at least one valid object.
WARNING: [Vivado 12-584] No ports matched 'led_out[12]'. [C:/Users/renuxela/my-files/bsuir/6sem/POCP/LR1/LR1.srcs/constrs_3/imports/new/Task3.xdc:4]
CRITICAL WARNING: [Common 17-55] 'set_property' expects at least one object. [C:/Users/renuxela/my-files/bsuir/6sem/POCP/LR1/LR1.srcs/constrs_3/imports/new/Task3.xdc:4]
Resolution: If [get_<value>] was used to populate the object, check to make sure this command returns at least one valid object.
WARNING: [Vivado 12-584] No ports matched 'led_out[11]'. [C:/Users/renuxela/my-files/bsuir/6sem/POCP/LR1/LR1.srcs/constrs_3/imports/new/Task3.xdc:5]
CRITICAL WARNING: [Common 17-55] 'set_property' expects at least one object. [C:/Users/renuxela/my-files/bsuir/6sem/POCP/LR1/LR1.srcs/constrs_3/imports/new/Task3.xdc:5]
Resolution: If [get_<value>] was used to populate the object, check to make sure this command returns at least one valid object.
WARNING: [Vivado 12-584] No ports matched 'led_out[10]'. [C:/Users/renuxela/my-files/bsuir/6sem/POCP/LR1/LR1.srcs/constrs_3/imports/new/Task3.xdc:6]
CRITICAL WARNING: [Common 17-55] 'set_property' expects at least one object. [C:/Users/renuxela/my-files/bsuir/6sem/POCP/LR1/LR1.srcs/constrs_3/imports/new/Task3.xdc:6]
Resolution: If [get_<value>] was used to populate the object, check to make sure this command returns at least one valid object.
WARNING: [Vivado 12-584] No ports matched 'led_out[9]'. [C:/Users/renuxela/my-files/bsuir/6sem/POCP/LR1/LR1.srcs/constrs_3/imports/new/Task3.xdc:7]
CRITICAL WARNING: [Common 17-55] 'set_property' expects at least one object. [C:/Users/renuxela/my-files/bsuir/6sem/POCP/LR1/LR1.srcs/constrs_3/imports/new/Task3.xdc:7]
Resolution: If [get_<value>] was used to populate the object, check to make sure this command returns at least one valid object.
WARNING: [Vivado 12-584] No ports matched 'led_out[8]'. [C:/Users/renuxela/my-files/bsuir/6sem/POCP/LR1/LR1.srcs/constrs_3/imports/new/Task3.xdc:8]
CRITICAL WARNING: [Common 17-55] 'set_property' expects at least one object. [C:/Users/renuxela/my-files/bsuir/6sem/POCP/LR1/LR1.srcs/constrs_3/imports/new/Task3.xdc:8]
Resolution: If [get_<value>] was used to populate the object, check to make sure this command returns at least one valid object.
WARNING: [Vivado 12-584] No ports matched 'led_out[7]'. [C:/Users/renuxela/my-files/bsuir/6sem/POCP/LR1/LR1.srcs/constrs_3/imports/new/Task3.xdc:9]
CRITICAL WARNING: [Common 17-55] 'set_property' expects at least one object. [C:/Users/renuxela/my-files/bsuir/6sem/POCP/LR1/LR1.srcs/constrs_3/imports/new/Task3.xdc:9]
Resolution: If [get_<value>] was used to populate the object, check to make sure this command returns at least one valid object.
WARNING: [Vivado 12-584] No ports matched 'led_out[6]'. [C:/Users/renuxela/my-files/bsuir/6sem/POCP/LR1/LR1.srcs/constrs_3/imports/new/Task3.xdc:10]
CRITICAL WARNING: [Common 17-55] 'set_property' expects at least one object. [C:/Users/renuxela/my-files/bsuir/6sem/POCP/LR1/LR1.srcs/constrs_3/imports/new/Task3.xdc:10]
Resolution: If [get_<value>] was used to populate the object, check to make sure this command returns at least one valid object.
WARNING: [Vivado 12-584] No ports matched 'led_out[5]'. [C:/Users/renuxela/my-files/bsuir/6sem/POCP/LR1/LR1.srcs/constrs_3/imports/new/Task3.xdc:11]
CRITICAL WARNING: [Common 17-55] 'set_property' expects at least one object. [C:/Users/renuxela/my-files/bsuir/6sem/POCP/LR1/LR1.srcs/constrs_3/imports/new/Task3.xdc:11]
Resolution: If [get_<value>] was used to populate the object, check to make sure this command returns at least one valid object.
WARNING: [Vivado 12-584] No ports matched 'led_out[4]'. [C:/Users/renuxela/my-files/bsuir/6sem/POCP/LR1/LR1.srcs/constrs_3/imports/new/Task3.xdc:12]
CRITICAL WARNING: [Common 17-55] 'set_property' expects at least one object. [C:/Users/renuxela/my-files/bsuir/6sem/POCP/LR1/LR1.srcs/constrs_3/imports/new/Task3.xdc:12]
Resolution: If [get_<value>] was used to populate the object, check to make sure this command returns at least one valid object.
WARNING: [Vivado 12-584] No ports matched 'led_out[3]'. [C:/Users/renuxela/my-files/bsuir/6sem/POCP/LR1/LR1.srcs/constrs_3/imports/new/Task3.xdc:13]
CRITICAL WARNING: [Common 17-55] 'set_property' expects at least one object. [C:/Users/renuxela/my-files/bsuir/6sem/POCP/LR1/LR1.srcs/constrs_3/imports/new/Task3.xdc:13]
Resolution: If [get_<value>] was used to populate the object, check to make sure this command returns at least one valid object.
WARNING: [Vivado 12-584] No ports matched 'led_out[2]'. [C:/Users/renuxela/my-files/bsuir/6sem/POCP/LR1/LR1.srcs/constrs_3/imports/new/Task3.xdc:14]
CRITICAL WARNING: [Common 17-55] 'set_property' expects at least one object. [C:/Users/renuxela/my-files/bsuir/6sem/POCP/LR1/LR1.srcs/constrs_3/imports/new/Task3.xdc:14]
Resolution: If [get_<value>] was used to populate the object, check to make sure this command returns at least one valid object.
WARNING: [Vivado 12-584] No ports matched 'led_out[1]'. [C:/Users/renuxela/my-files/bsuir/6sem/POCP/LR1/LR1.srcs/constrs_3/imports/new/Task3.xdc:15]
CRITICAL WARNING: [Common 17-55] 'set_property' expects at least one object. [C:/Users/renuxela/my-files/bsuir/6sem/POCP/LR1/LR1.srcs/constrs_3/imports/new/Task3.xdc:15]
Resolution: If [get_<value>] was used to populate the object, check to make sure this command returns at least one valid object.
WARNING: [Vivado 12-584] No ports matched 'led_out[0]'. [C:/Users/renuxela/my-files/bsuir/6sem/POCP/LR1/LR1.srcs/constrs_3/imports/new/Task3.xdc:16]
CRITICAL WARNING: [Common 17-55] 'set_property' expects at least one object. [C:/Users/renuxela/my-files/bsuir/6sem/POCP/LR1/LR1.srcs/constrs_3/imports/new/Task3.xdc:16]
Resolution: If [get_<value>] was used to populate the object, check to make sure this command returns at least one valid object.
WARNING: [Vivado 12-584] No ports matched 'led_out[15]'. [C:/Users/renuxela/my-files/bsuir/6sem/POCP/LR1/LR1.srcs/constrs_3/imports/new/Task3.xdc:18]
CRITICAL WARNING: [Common 17-55] 'set_property' expects at least one object. [C:/Users/renuxela/my-files/bsuir/6sem/POCP/LR1/LR1.srcs/constrs_3/imports/new/Task3.xdc:18]
Resolution: If [get_<value>] was used to populate the object, check to make sure this command returns at least one valid object.
WARNING: [Vivado 12-584] No ports matched 'led_out[14]'. [C:/Users/renuxela/my-files/bsuir/6sem/POCP/LR1/LR1.srcs/constrs_3/imports/new/Task3.xdc:19]
CRITICAL WARNING: [Common 17-55] 'set_property' expects at least one object. [C:/Users/renuxela/my-files/bsuir/6sem/POCP/LR1/LR1.srcs/constrs_3/imports/new/Task3.xdc:19]
Resolution: If [get_<value>] was used to populate the object, check to make sure this command returns at least one valid object.
WARNING: [Vivado 12-584] No ports matched 'led_out[13]'. [C:/Users/renuxela/my-files/bsuir/6sem/POCP/LR1/LR1.srcs/constrs_3/imports/new/Task3.xdc:20]
CRITICAL WARNING: [Common 17-55] 'set_property' expects at least one object. [C:/Users/renuxela/my-files/bsuir/6sem/POCP/LR1/LR1.srcs/constrs_3/imports/new/Task3.xdc:20]
Resolution: If [get_<value>] was used to populate the object, check to make sure this command returns at least one valid object.
WARNING: [Vivado 12-584] No ports matched 'led_out[12]'. [C:/Users/renuxela/my-files/bsuir/6sem/POCP/LR1/LR1.srcs/constrs_3/imports/new/Task3.xdc:21]
CRITICAL WARNING: [Common 17-55] 'set_property' expects at least one object. [C:/Users/renuxela/my-files/bsuir/6sem/POCP/LR1/LR1.srcs/constrs_3/imports/new/Task3.xdc:21]
Resolution: If [get_<value>] was used to populate the object, check to make sure this command returns at least one valid object.
WARNING: [Vivado 12-584] No ports matched 'led_out[11]'. [C:/Users/renuxela/my-files/bsuir/6sem/POCP/LR1/LR1.srcs/constrs_3/imports/new/Task3.xdc:22]
CRITICAL WARNING: [Common 17-55] 'set_property' expects at least one object. [C:/Users/renuxela/my-files/bsuir/6sem/POCP/LR1/LR1.srcs/constrs_3/imports/new/Task3.xdc:22]
Resolution: If [get_<value>] was used to populate the object, check to make sure this command returns at least one valid object.
WARNING: [Vivado 12-584] No ports matched 'led_out[10]'. [C:/Users/renuxela/my-files/bsuir/6sem/POCP/LR1/LR1.srcs/constrs_3/imports/new/Task3.xdc:23]
CRITICAL WARNING: [Common 17-55] 'set_property' expects at least one object. [C:/Users/renuxela/my-files/bsuir/6sem/POCP/LR1/LR1.srcs/constrs_3/imports/new/Task3.xdc:23]
Resolution: If [get_<value>] was used to populate the object, check to make sure this command returns at least one valid object.
WARNING: [Vivado 12-584] No ports matched 'led_out[9]'. [C:/Users/renuxela/my-files/bsuir/6sem/POCP/LR1/LR1.srcs/constrs_3/imports/new/Task3.xdc:24]
CRITICAL WARNING: [Common 17-55] 'set_property' expects at least one object. [C:/Users/renuxela/my-files/bsuir/6sem/POCP/LR1/LR1.srcs/constrs_3/imports/new/Task3.xdc:24]
Resolution: If [get_<value>] was used to populate the object, check to make sure this command returns at least one valid object.
WARNING: [Vivado 12-584] No ports matched 'led_out[8]'. [C:/Users/renuxela/my-files/bsuir/6sem/POCP/LR1/LR1.srcs/constrs_3/imports/new/Task3.xdc:25]
CRITICAL WARNING: [Common 17-55] 'set_property' expects at least one object. [C:/Users/renuxela/my-files/bsuir/6sem/POCP/LR1/LR1.srcs/constrs_3/imports/new/Task3.xdc:25]
Resolution: If [get_<value>] was used to populate the object, check to make sure this command returns at least one valid object.
WARNING: [Vivado 12-584] No ports matched 'led_out[7]'. [C:/Users/renuxela/my-files/bsuir/6sem/POCP/LR1/LR1.srcs/constrs_3/imports/new/Task3.xdc:26]
CRITICAL WARNING: [Common 17-55] 'set_property' expects at least one object. [C:/Users/renuxela/my-files/bsuir/6sem/POCP/LR1/LR1.srcs/constrs_3/imports/new/Task3.xdc:26]
Resolution: If [get_<value>] was used to populate the object, check to make sure this command returns at least one valid object.
WARNING: [Vivado 12-584] No ports matched 'led_out[6]'. [C:/Users/renuxela/my-files/bsuir/6sem/POCP/LR1/LR1.srcs/constrs_3/imports/new/Task3.xdc:27]
CRITICAL WARNING: [Common 17-55] 'set_property' expects at least one object. [C:/Users/renuxela/my-files/bsuir/6sem/POCP/LR1/LR1.srcs/constrs_3/imports/new/Task3.xdc:27]
Resolution: If [get_<value>] was used to populate the object, check to make sure this command returns at least one valid object.
WARNING: [Vivado 12-584] No ports matched 'led_out[5]'. [C:/Users/renuxela/my-files/bsuir/6sem/POCP/LR1/LR1.srcs/constrs_3/imports/new/Task3.xdc:28]
CRITICAL WARNING: [Common 17-55] 'set_property' expects at least one object. [C:/Users/renuxela/my-files/bsuir/6sem/POCP/LR1/LR1.srcs/constrs_3/imports/new/Task3.xdc:28]
Resolution: If [get_<value>] was used to populate the object, check to make sure this command returns at least one valid object.
WARNING: [Vivado 12-584] No ports matched 'led_out[4]'. [C:/Users/renuxela/my-files/bsuir/6sem/POCP/LR1/LR1.srcs/constrs_3/imports/new/Task3.xdc:29]
CRITICAL WARNING: [Common 17-55] 'set_property' expects at least one object. [C:/Users/renuxela/my-files/bsuir/6sem/POCP/LR1/LR1.srcs/constrs_3/imports/new/Task3.xdc:29]
Resolution: If [get_<value>] was used to populate the object, check to make sure this command returns at least one valid object.
WARNING: [Vivado 12-584] No ports matched 'led_out[3]'. [C:/Users/renuxela/my-files/bsuir/6sem/POCP/LR1/LR1.srcs/constrs_3/imports/new/Task3.xdc:30]
CRITICAL WARNING: [Common 17-55] 'set_property' expects at least one object. [C:/Users/renuxela/my-files/bsuir/6sem/POCP/LR1/LR1.srcs/constrs_3/imports/new/Task3.xdc:30]
Resolution: If [get_<value>] was used to populate the object, check to make sure this command returns at least one valid object.
WARNING: [Vivado 12-584] No ports matched 'led_out[2]'. [C:/Users/renuxela/my-files/bsuir/6sem/POCP/LR1/LR1.srcs/constrs_3/imports/new/Task3.xdc:31]
CRITICAL WARNING: [Common 17-55] 'set_property' expects at least one object. [C:/Users/renuxela/my-files/bsuir/6sem/POCP/LR1/LR1.srcs/constrs_3/imports/new/Task3.xdc:31]
Resolution: If [get_<value>] was used to populate the object, check to make sure this command returns at least one valid object.
WARNING: [Vivado 12-584] No ports matched 'led_out[1]'. [C:/Users/renuxela/my-files/bsuir/6sem/POCP/LR1/LR1.srcs/constrs_3/imports/new/Task3.xdc:32]
CRITICAL WARNING: [Common 17-55] 'set_property' expects at least one object. [C:/Users/renuxela/my-files/bsuir/6sem/POCP/LR1/LR1.srcs/constrs_3/imports/new/Task3.xdc:32]
Resolution: If [get_<value>] was used to populate the object, check to make sure this command returns at least one valid object.
WARNING: [Vivado 12-584] No ports matched 'led_out[0]'. [C:/Users/renuxela/my-files/bsuir/6sem/POCP/LR1/LR1.srcs/constrs_3/imports/new/Task3.xdc:33]
CRITICAL WARNING: [Common 17-55] 'set_property' expects at least one object. [C:/Users/renuxela/my-files/bsuir/6sem/POCP/LR1/LR1.srcs/constrs_3/imports/new/Task3.xdc:33]
Resolution: If [get_<value>] was used to populate the object, check to make sure this command returns at least one valid object.
Finished Parsing XDC File [C:/Users/renuxela/my-files/bsuir/6sem/POCP/LR1/LR1.srcs/constrs_3/imports/new/Task3.xdc]
Completed Processing XDC Constraints

INFO: [Opt 31-138] Pushed 0 inverter(s) to 0 load pin(s).
INFO: [Project 1-111] Unisim Transformation Summary:
No Unisim elements were transformed.

RTL Elaboration Complete:  : Time (s): cpu = 00:00:09 ; elapsed = 00:00:07 . Memory (MB): peak = 2099.215 ; gain = 0.000
7 Infos, 33 Warnings, 32 Critical Warnings and 0 Errors encountered.
synth_design completed successfully
synth_design: Time (s): cpu = 00:00:09 ; elapsed = 00:00:07 . Memory (MB): peak = 2099.215 ; gain = 0.000
close_design
synth_design -rtl -name rtl_1
Command: synth_design -rtl -name rtl_1
Starting synth_design
Using part: xc7a100tcsg324-1
Top: sw_led_unit
---------------------------------------------------------------------------------
Starting RTL Elaboration : Time (s): cpu = 00:00:03 ; elapsed = 00:00:03 . Memory (MB): peak = 2099.215 ; gain = 0.000
---------------------------------------------------------------------------------
INFO: [Synth 8-638] synthesizing module 'sw_led_unit' [C:/Users/renuxela/my-files/bsuir/6sem/POCP/LR1/LR1.srcs/sources_1/new/Task2.vhd:14]
	Parameter N bound to: 16 - type: integer 
INFO: [Synth 8-256] done synthesizing module 'sw_led_unit' (1#1) [C:/Users/renuxela/my-files/bsuir/6sem/POCP/LR1/LR1.srcs/sources_1/new/Task2.vhd:14]
WARNING: [Synth 8-3330] design sw_led_unit has an empty top module
---------------------------------------------------------------------------------
Finished RTL Elaboration : Time (s): cpu = 00:00:04 ; elapsed = 00:00:04 . Memory (MB): peak = 2099.215 ; gain = 0.000
---------------------------------------------------------------------------------

Report Check Netlist: 
+------+------------------+-------+---------+-------+------------------+
|      |Item              |Errors |Warnings |Status |Description       |
+------+------------------+-------+---------+-------+------------------+
|1     |multi_driven_nets |      0|        0|Passed |Multi driven nets |
+------+------------------+-------+---------+-------+------------------+
---------------------------------------------------------------------------------
Start Handling Custom Attributes
---------------------------------------------------------------------------------
---------------------------------------------------------------------------------
Finished Handling Custom Attributes : Time (s): cpu = 00:00:04 ; elapsed = 00:00:04 . Memory (MB): peak = 2099.215 ; gain = 0.000
---------------------------------------------------------------------------------
---------------------------------------------------------------------------------
Finished RTL Optimization Phase 1 : Time (s): cpu = 00:00:04 ; elapsed = 00:00:04 . Memory (MB): peak = 2099.215 ; gain = 0.000
---------------------------------------------------------------------------------
INFO: [Project 1-570] Preparing netlist for logic optimization
INFO: [Opt 31-140] Inserted 16 IBUFs to IO ports without IO buffers.
INFO: [Opt 31-141] Inserted 16 OBUFs to IO ports without IO buffers.

Processing XDC Constraints
Initializing timing engine
Parsing XDC File [C:/Users/renuxela/my-files/bsuir/6sem/POCP/LR1/LR1.srcs/constrs_3/imports/new/Task3.xdc]
Finished Parsing XDC File [C:/Users/renuxela/my-files/bsuir/6sem/POCP/LR1/LR1.srcs/constrs_3/imports/new/Task3.xdc]
Completed Processing XDC Constraints

INFO: [Opt 31-138] Pushed 0 inverter(s) to 0 load pin(s).
INFO: [Project 1-111] Unisim Transformation Summary:
No Unisim elements were transformed.

RTL Elaboration Complete:  : Time (s): cpu = 00:00:10 ; elapsed = 00:00:07 . Memory (MB): peak = 2099.215 ; gain = 0.000
7 Infos, 1 Warnings, 0 Critical Warnings and 0 Errors encountered.
synth_design completed successfully
synth_design: Time (s): cpu = 00:00:10 ; elapsed = 00:00:07 . Memory (MB): peak = 2099.215 ; gain = 0.000
reset_run synth_1
launch_runs synth_1 -jobs 6
[Tue Feb 17 13:20:59 2026] Launched synth_1...
Run output will be captured here: C:/Users/renuxela/my-files/bsuir/6sem/POCP/LR1/LR1.runs/synth_1/runme.log
reset_run synth_1
WARNING: [Vivado 12-1017] Problems encountered:
1. PID not specified

launch_runs synth_1 -jobs 6
[Tue Feb 17 13:21:06 2026] Launched synth_1...
Run output will be captured here: C:/Users/renuxela/my-files/bsuir/6sem/POCP/LR1/LR1.runs/synth_1/runme.log
launch_runs impl_1 -jobs 6
[Tue Feb 17 13:22:08 2026] Launched impl_1...
Run output will be captured here: C:/Users/renuxela/my-files/bsuir/6sem/POCP/LR1/LR1.runs/impl_1/runme.log
open_run impl_1
INFO: [Netlist 29-17] Analyzing 16 Unisim elements for replacement
INFO: [Netlist 29-28] Unisim Transformation completed in 0 CPU seconds
INFO: [Project 1-479] Netlist was created with Vivado 2018.2
INFO: [Project 1-570] Preparing netlist for logic optimization
INFO: [Timing 38-478] Restoring timing data from binary archive.
INFO: [Timing 38-479] Binary timing data restore complete.
INFO: [Project 1-856] Restoring constraints from binary archive.
INFO: [Project 1-853] Binary constraint restore complete.
Reading XDEF placement.
Reading placer database...
Reading XDEF routing.
Read XDEF File: Time (s): cpu = 00:00:00 ; elapsed = 00:00:00.051 . Memory (MB): peak = 2123.898 ; gain = 0.000
Restored from archive | CPU: 0.000000 secs | Memory: 0.000000 MB |
Finished XDEF File Restore: Time (s): cpu = 00:00:00 ; elapsed = 00:00:00.051 . Memory (MB): peak = 2123.898 ; gain = 0.000
INFO: [Project 1-111] Unisim Transformation Summary:
No Unisim elements were transformed.

WARNING: [Timing 38-313] There are no user specified timing constraints. Timing constraints are needed for proper timing analysis.
launch_runs impl_1 -to_step write_bitstream -jobs 6
[Tue Feb 17 13:26:38 2026] Launched impl_1...
Run output will be captured here: C:/Users/renuxela/my-files/bsuir/6sem/POCP/LR1/LR1.runs/impl_1/runme.log
set_property top comb_led_unit [current_fileset]
update_compile_order -fileset sources_1
reset_run synth_1
launch_runs impl_1 -to_step write_bitstream -jobs 6
[Tue Feb 17 13:30:38 2026] Launched synth_1...
Run output will be captured here: C:/Users/renuxela/my-files/bsuir/6sem/POCP/LR1/LR1.runs/synth_1/runme.log
[Tue Feb 17 13:30:38 2026] Launched impl_1...
Run output will be captured here: C:/Users/renuxela/my-files/bsuir/6sem/POCP/LR1/LR1.runs/impl_1/runme.log
close_design
close_design
exit
INFO: [Common 17-206] Exiting Vivado at Tue Feb 17 13:34:16 2026...
